<?xml version="1.0" encoding="UTF-8"?>
<!-- Generated by org.testng.reporters.JUnitReportReporter -->
<testsuite hostname="DESKTOP-OJKSNOG" failures="0" tests="1" name="com.APIScenarios.HeadersCookiesValidation" time="2.589" errors="0" timestamp="2024-11-30T08:56:26 IST" skipped="0">
  <testcase classname="com.APIScenarios.HeadersCookiesValidation" name="testCookies" time="2.589"/>
  <system-out/>
</testsuite> <!-- com.APIScenarios.HeadersCookiesValidation -->
