<?xml version="1.0" encoding="UTF-8"?>
<!-- Generated by org.testng.reporters.JUnitReportReporter -->
<testsuite hostname="DESKTOP-OJKSNOG" failures="0" tests="1" name="com.APIScenarios.TestWithParameters" time="4.007" errors="0" timestamp="2024-11-30T08:31:27 IST" skipped="0">
  <testcase classname="com.APIScenarios.TestWithParameters" name="testQueryPathParameters" time="4.007"/>
  <system-out/>
</testsuite> <!-- com.APIScenarios.TestWithParameters -->
