<?xml version="1.0" encoding="UTF-8"?>
<!-- Generated by org.testng.reporters.JUnitReportReporter -->
<testsuite hostname="DESKTOP-OJKSNOG" failures="0" tests="1" name="com.RestAPITest.RequestWithBDD" time="3.461" errors="0" timestamp="2024-11-28T23:41:34 IST" skipped="0">
  <testcase classname="com.RestAPITest.RequestWithBDD" name="testSingleObject" time="3.461"/>
  <system-out/>
</testsuite> <!-- com.RestAPITest.RequestWithBDD -->
