<?xml version="1.0" encoding="UTF-8"?>
<!-- Generated by org.testng.reporters.JUnitReportReporter -->
<testsuite hostname="DESKTOP-OJKSNOG" failures="0" tests="2" name="com.APIScenarios.SerializationWithDeserialization" time="0.482" errors="0" timestamp="2024-11-30T10:57:00 IST" skipped="0">
  <testcase classname="com.APIScenarios.SerializationWithDeserialization" name="testSerialization" time="0.324"/>
  <system-out/>
  <testcase classname="com.APIScenarios.SerializationWithDeserialization" name="testDeserialization" time="0.158"/>
  <system-out/>
</testsuite> <!-- com.APIScenarios.SerializationWithDeserialization -->
