<?xml version="1.0" encoding="UTF-8"?>
<!-- Generated by org.testng.reporters.JUnitReportReporter -->
<testsuite hostname="DESKTOP-OJKSNOG" failures="0" tests="1" name="com.RestAPITest.WaysToRequestPayload" time="4.631" errors="0" timestamp="2024-12-26T22:26:55 IST" skipped="0">
  <testcase classname="com.RestAPITest.WaysToRequestPayload" name="createTokenUsingPOJO" time="4.631"/>
  <system-out/>
</testsuite> <!-- com.RestAPITest.WaysToRequestPayload -->
