<?xml version="1.0" encoding="UTF-8"?>
<!-- Generated by org.testng.reporters.JUnitReportReporter -->
<testsuite hostname="DESKTOP-OJKSNOG" failures="0" tests="1" name="com.Assignment.Assignment3" time="7.431" errors="0" timestamp="2024-12-01T22:30:10 IST" skipped="0">
  <testcase classname="com.Assignment.Assignment3" name="testOAuth" time="7.431"/>
  <system-out/>
</testsuite> <!-- com.Assignment.Assignment3 -->
