<?xml version="1.0" encoding="UTF-8"?>
<!-- Generated by org.testng.reporters.JUnitReportReporter -->
<testsuite hostname="DESKTOP-OJKSNOG" failures="0" tests="2" name="com.RestAPITest.RequestWithNonBDD" time="4.234" errors="0" timestamp="2024-11-28T23:28:15 IST" skipped="0">
  <testcase classname="com.RestAPITest.RequestWithNonBDD" name="testSingleObject" time="0.887"/>
  <system-out/>
  <testcase classname="com.RestAPITest.RequestWithNonBDD" name="testForListOfObjects" time="3.347"/>
  <system-out/>
</testsuite> <!-- com.RestAPITest.RequestWithNonBDD -->
