<?xml version="1.0" encoding="UTF-8"?>
<!-- Generated by org.testng.reporters.JUnitReportReporter -->
<testsuite hostname="DESKTOP-OJKSNOG" failures="0" tests="10" name="com.CapstoneTelecom.TelecomProject" time="15.073" errors="0" timestamp="2024-12-27T02:56:28 IST" skipped="0">
  <testcase classname="com.CapstoneTelecom.TelecomProject" name="addNewUser" time="4.267"/>
  <system-out/>
  <testcase classname="com.CapstoneTelecom.TelecomProject" name="getUser" time="1.158"/>
  <system-out/>
  <testcase classname="com.CapstoneTelecom.TelecomProject" name="updateUser" time="1.200"/>
  <system-out/>
  <testcase classname="com.CapstoneTelecom.TelecomProject" name="loginUser" time="1.263"/>
  <system-out/>
  <testcase classname="com.CapstoneTelecom.TelecomProject" name="addContact" time="1.215"/>
  <system-out/>
  <testcase classname="com.CapstoneTelecom.TelecomProject" name="getContactList" time="1.132"/>
  <system-out/>
  <testcase classname="com.CapstoneTelecom.TelecomProject" name="getContact" time="1.161"/>
  <system-out/>
  <testcase classname="com.CapstoneTelecom.TelecomProject" name="updateContact" time="1.216"/>
  <system-out/>
  <testcase classname="com.CapstoneTelecom.TelecomProject" name="partialUpdateContact" time="1.293"/>
  <system-out/>
  <testcase classname="com.CapstoneTelecom.TelecomProject" name="logOutUser" time="1.168"/>
  <system-out/>
</testsuite> <!-- com.CapstoneTelecom.TelecomProject -->
