<?xml version="1.0" encoding="UTF-8"?>
<!-- Generated by org.testng.reporters.JUnitReportReporter -->
<testsuite hostname="DESKTOP-OJKSNOG" failures="0" tests="1" name="com.RestAPITest.TestHotelAPIs" time="4.166" errors="0" timestamp="2024-11-29T00:15:42 IST" skipped="0">
  <testcase classname="com.RestAPITest.TestHotelAPIs" name="createNewBooking" time="4.166"/>
  <system-out/>
</testsuite> <!-- com.RestAPITest.TestHotelAPIs -->
