<?xml version="1.0" encoding="UTF-8"?>
<!-- Generated by org.testng.reporters.JUnitReportReporter -->
<testsuite hostname="DESKTOP-OJKSNOG" failures="0" tests="1" name="com.APIScenarios.Authentication" time="5.158" errors="0" timestamp="2024-11-30T12:57:15 IST" skipped="0">
  <testcase classname="com.APIScenarios.Authentication" name="testOAuth" time="5.158"/>
  <system-out/>
</testsuite> <!-- com.APIScenarios.Authentication -->
