<?xml version="1.0" encoding="UTF-8"?>
<!-- Generated by org.testng.reporters.JUnitReportReporter -->
<testsuite hostname="DESKTOP-OJKSNOG" failures="0" tests="1" name="com.Assignment.Assignment2" time="3.978" errors="0" timestamp="2024-12-01T22:28:44 IST" skipped="0">
  <testcase classname="com.Assignment.Assignment2" name="POJO" time="3.978"/>
  <system-out/>
</testsuite> <!-- com.Assignment.Assignment2 -->
