<?xml version="1.0" encoding="UTF-8"?>
<!-- Generated by org.testng.reporters.JUnitReportReporter -->
<testsuite hostname="DESKTOP-OJKSNOG" failures="0" tests="1" name="com.Assignment.FindPetByitsStatus" time="3.910" errors="0" timestamp="2024-12-01T18:13:51 IST" skipped="0">
  <testcase classname="com.Assignment.FindPetByitsStatus" name="testpetbystatus" time="3.910"/>
  <system-out/>
</testsuite> <!-- com.Assignment.FindPetByitsStatus -->
