<?xml version="1.0" encoding="UTF-8"?>
<!-- Generated by org.testng.reporters.JUnitReportReporter -->
<testsuite hostname="DESKTOP-OJKSNOG" failures="0" tests="5" name="com.Assignment.Pet" time="7.349" errors="0" timestamp="2024-12-01T22:51:39 IST" skipped="2">
  <testcase classname="com.Assignment.Pet" name="testpetbystatus" time="3.676"/>
  <system-out/>
  <testcase classname="com.Assignment.Pet" name="addNewPetTOStore" time="2.362"/>
  <system-out/>
  <testcase classname="com.Assignment.Pet" name="findPet" time="1.311"/>
  <system-out/>
  <testcase classname="com.Assignment.Pet" name="updateExistingPet">
    <skipped/>
  </testcase> <!-- updateExistingPet -->
  <system-out/>
  <testcase classname="com.Assignment.Pet" name="deletePet">
    <skipped/>
  </testcase> <!-- deletePet -->
  <system-out/>
</testsuite> <!-- com.Assignment.Pet -->
